  FuncTable.cpp
D:\Work\NoaSystem\NoaSystem\NoaVM\NoaVM\FuncTable.cpp(39,9): warning C4477: “printf”: 格式字符串“%d”需要类型“int”的参数，但可变参数 5 拥有了类型“int64”
D:\Work\NoaSystem\NoaSystem\NoaVM\NoaVM\FuncTable.cpp(39,9): message : 请考虑在格式字符串中使用“%lld”
D:\Work\NoaSystem\NoaSystem\NoaVM\NoaVM\FuncTable.cpp(39,9): message : 请考虑在格式字符串中使用“%Id”
D:\Work\NoaSystem\NoaSystem\NoaVM\NoaVM\FuncTable.cpp(39,9): message : 请考虑在格式字符串中使用“%I64d”
D:\Work\NoaSystem\NoaSystem\NoaVM\NoaVM\FuncTable.cpp(39,9): warning C4477: “printf”: 格式字符串“%d”需要类型“int”的参数，但可变参数 6 拥有了类型“int64”
D:\Work\NoaSystem\NoaSystem\NoaVM\NoaVM\FuncTable.cpp(39,9): message : 请考虑在格式字符串中使用“%lld”
D:\Work\NoaSystem\NoaSystem\NoaVM\NoaVM\FuncTable.cpp(39,9): message : 请考虑在格式字符串中使用“%Id”
D:\Work\NoaSystem\NoaSystem\NoaVM\NoaVM\FuncTable.cpp(39,9): message : 请考虑在格式字符串中使用“%I64d”
  NoaFunc.cpp
D:\Work\NoaSystem\NoaSystem\NoaVM\NoaVM\NoaFunc.cpp(33,10): warning C4477: “printf”: 格式字符串“%c”需要类型“int”的参数，但可变参数 1 拥有了类型“int64”
D:\Work\NoaSystem\NoaSystem\NoaVM\NoaVM\NoaFunc.cpp(58,60): warning C4244: “初始化”: 从“int64”转换到“int”，可能丢失数据
D:\Work\NoaSystem\NoaSystem\NoaVM\NoaVM\NoaFunc.cpp(58,26): warning C4244: “初始化”: 从“int64”转换到“const int”，可能丢失数据
D:\Work\NoaSystem\NoaSystem\NoaVM\NoaVM\NoaFunc.cpp(268,60): warning C4244: “=”: 从“int64”转换到“int”，可能丢失数据
D:\Work\NoaSystem\NoaSystem\NoaVM\NoaVM\NoaFunc.cpp(466,14): warning C4244: “初始化”: 从“float”转换到“int”，可能丢失数据
D:\Work\NoaSystem\NoaSystem\NoaVM\NoaVM\NoaFunc.cpp(467,14): warning C4244: “初始化”: 从“float”转换到“int”，可能丢失数据
D:\Work\NoaSystem\NoaSystem\NoaVM\NoaVM\NoaFunc.cpp(535,14): warning C4244: “初始化”: 从“int64”转换到“int”，可能丢失数据
D:\Work\NoaSystem\NoaSystem\NoaVM\NoaVM\NoaFunc.cpp(536,14): warning C4244: “初始化”: 从“int64”转换到“int”，可能丢失数据
  NoaMath.cpp
  NoaRuntime.cpp
  Process.cpp
  正在生成代码
  19 of 731 functions ( 2.6%) were compiled, the rest were copied from previous compilation.
    0 functions were new in current compilation
    11 functions had inline decision re-evaluated but remain unchanged
  已完成代码的生成
  NoaVM.vcxproj -> D:\Work\NoaSystem\NoaSystem\NoaVM\x64\Release\NoaVM.exe
